9/17/2014 17:36:55 PM - Upgrade Script: Modules upgraded to version '12.3.0.1.376'
9/17/2014 17:48:42 PM - Upgrade Script: Modules upgraded to version '12.3.0.1.376'
9/17/2014 17:50:03 PM - Upgrade Script: Modules upgraded to version '12.3.0.1.376'
9/22/2014 18:49:43 PM - Launch Browser: IE version 9.11.9600.17207
10/07/2014 15:49:08 PM - Launch Browser: IE version 9.11.9600.17207
10/07/2014 15:50:30 PM - Save Script: Version 12.3.0.1.376
10/08/2014 20:48:27 PM - Upgrade Script: Modules upgraded to version '12.3.0.1.376'
10/09/2014 11:57:29 AM - Save Script: Version 12.3.0.1.376
10/13/2014 16:26:30 PM - Upgrade Script: Modules upgraded to version '12.3.0.1.376'
10/24/2014 15:49:26 PM - Upgrade Script: Modules upgraded to version '12.3.0.1.376'
10/27/2014 11:06:12 AM - Upgrade Script: Modules upgraded to version '12.3.0.1.376'
10/28/2014 13:28:07 PM - Launch Browser: IE version 9.11.9600.17280
10/28/2014 13:29:31 PM - Launch Browser: IE version 9.11.9600.17280
10/30/2014 20:35:17 PM - Upgrade Script: Modules upgraded to version '12.3.0.1.376'
11/05/2014 20:35:27 PM - Upgrade Script: Modules upgraded to version '12.3.0.1.376'
11/07/2014 11:02:58 AM - Upgrade Script: Modules upgraded to version '12.3.0.1.376'
11/10/2014 11:07:41 AM - Upgrade Script: Modules upgraded to version '12.3.0.1.376'
11/10/2014 16:57:50 PM - Upgrade Script: Modules upgraded to version '12.3.0.1.376'
11/10/2014 18:18:27 PM - Upgrade Script: Modules upgraded to version '12.3.0.1.376'
11/10/2014 18:57:03 PM - Upgrade Script: Modules upgraded to version '12.3.0.1.376'